
	2024-06-20 00:58:25 - __main__ || K:\Master SS2024\Reinforcement Learning\Praktikum\reinforcement_learning_assignment\simulation\main_sim.py:main_sim.py:<module> [550]	INFO : START SIMULATION	


	2024-06-20 00:58:25 - __main__ || K:\Master SS2024\Reinforcement Learning\Praktikum\reinforcement_learning_assignment\simulation\main_sim.py:main_sim.py:<module> [636]	INFO : AGENT 'SARSA' SELECTED	


	2024-06-20 00:58:25 - __main__ || K:\Master SS2024\Reinforcement Learning\Praktikum\reinforcement_learning_assignment\simulation\main_sim.py:main_sim.py:<module> [669]	INFO : TRAIN AGENT [../model_storage/zE01/2024-06-20_00-58-25/]	


	2024-06-20 00:58:25 - __main__ || K:\Master SS2024\Reinforcement Learning\Praktikum\reinforcement_learning_assignment\simulation\main_sim.py:main_sim.py:_runExperiment_NStep [155]	INFO : Episode: 0	


	2024-06-20 01:03:54 - __main__ || K:\Master SS2024\Reinforcement Learning\Praktikum\reinforcement_learning_assignment\simulation\main_sim.py:main_sim.py:_runExperiment_NStep [155]	INFO : Episode: 100	


	2024-06-20 01:10:12 - __main__ || K:\Master SS2024\Reinforcement Learning\Praktikum\reinforcement_learning_assignment\simulation\main_sim.py:main_sim.py:_runExperiment_NStep [155]	INFO : Episode: 200	


	2024-06-20 01:16:14 - __main__ || K:\Master SS2024\Reinforcement Learning\Praktikum\reinforcement_learning_assignment\simulation\main_sim.py:main_sim.py:_runExperiment_NStep [155]	INFO : Episode: 300	


	2024-06-20 01:22:33 - __main__ || K:\Master SS2024\Reinforcement Learning\Praktikum\reinforcement_learning_assignment\simulation\main_sim.py:main_sim.py:_runExperiment_NStep [155]	INFO : Episode: 400	


	2024-06-20 01:29:07 - __main__ || K:\Master SS2024\Reinforcement Learning\Praktikum\reinforcement_learning_assignment\simulation\main_sim.py:main_sim.py:_runExperiment_NStep [155]	INFO : Episode: 500	


	2024-06-20 01:35:15 - __main__ || K:\Master SS2024\Reinforcement Learning\Praktikum\reinforcement_learning_assignment\simulation\main_sim.py:main_sim.py:_runExperiment_NStep [155]	INFO : Episode: 600	


	2024-06-20 01:41:30 - __main__ || K:\Master SS2024\Reinforcement Learning\Praktikum\reinforcement_learning_assignment\simulation\main_sim.py:main_sim.py:_runExperiment_NStep [155]	INFO : Episode: 700	


	2024-06-20 01:47:56 - __main__ || K:\Master SS2024\Reinforcement Learning\Praktikum\reinforcement_learning_assignment\simulation\main_sim.py:main_sim.py:_runExperiment_NStep [155]	INFO : Episode: 800	


	2024-06-20 01:54:19 - __main__ || K:\Master SS2024\Reinforcement Learning\Praktikum\reinforcement_learning_assignment\simulation\main_sim.py:main_sim.py:_runExperiment_NStep [155]	INFO : Episode: 900	


	2024-06-20 02:00:37 - __main__ || K:\Master SS2024\Reinforcement Learning\Praktikum\reinforcement_learning_assignment\simulation\main_sim.py:main_sim.py:_runExperiment_NStep [155]	INFO : Episode: 1000	


	2024-06-20 02:06:44 - __main__ || K:\Master SS2024\Reinforcement Learning\Praktikum\reinforcement_learning_assignment\simulation\main_sim.py:main_sim.py:_runExperiment_NStep [155]	INFO : Episode: 1100	


	2024-06-20 02:12:54 - __main__ || K:\Master SS2024\Reinforcement Learning\Praktikum\reinforcement_learning_assignment\simulation\main_sim.py:main_sim.py:_runExperiment_NStep [155]	INFO : Episode: 1200	


	2024-06-20 02:19:07 - __main__ || K:\Master SS2024\Reinforcement Learning\Praktikum\reinforcement_learning_assignment\simulation\main_sim.py:main_sim.py:_runExperiment_NStep [155]	INFO : Episode: 1300	


	2024-06-20 02:25:22 - __main__ || K:\Master SS2024\Reinforcement Learning\Praktikum\reinforcement_learning_assignment\simulation\main_sim.py:main_sim.py:_runExperiment_NStep [155]	INFO : Episode: 1400	


	2024-06-20 02:31:25 - __main__ || K:\Master SS2024\Reinforcement Learning\Praktikum\reinforcement_learning_assignment\simulation\main_sim.py:main_sim.py:_runExperiment_NStep [155]	INFO : Episode: 1500	


	2024-06-20 02:37:37 - __main__ || K:\Master SS2024\Reinforcement Learning\Praktikum\reinforcement_learning_assignment\simulation\main_sim.py:main_sim.py:_runExperiment_NStep [155]	INFO : Episode: 1600	


	2024-06-20 02:43:49 - __main__ || K:\Master SS2024\Reinforcement Learning\Praktikum\reinforcement_learning_assignment\simulation\main_sim.py:main_sim.py:_runExperiment_NStep [155]	INFO : Episode: 1700	


	2024-06-20 02:49:57 - __main__ || K:\Master SS2024\Reinforcement Learning\Praktikum\reinforcement_learning_assignment\simulation\main_sim.py:main_sim.py:_runExperiment_NStep [155]	INFO : Episode: 1800	


	2024-06-20 02:56:06 - __main__ || K:\Master SS2024\Reinforcement Learning\Praktikum\reinforcement_learning_assignment\simulation\main_sim.py:main_sim.py:_runExperiment_NStep [155]	INFO : Episode: 1900	


	2024-06-20 03:02:23 - __main__ || K:\Master SS2024\Reinforcement Learning\Praktikum\reinforcement_learning_assignment\simulation\main_sim.py:main_sim.py:_runExperiment_NStep [155]	INFO : Episode: 2000	


	2024-06-20 03:08:43 - __main__ || K:\Master SS2024\Reinforcement Learning\Praktikum\reinforcement_learning_assignment\simulation\main_sim.py:main_sim.py:_runExperiment_NStep [155]	INFO : Episode: 2100	


	2024-06-20 03:15:06 - __main__ || K:\Master SS2024\Reinforcement Learning\Praktikum\reinforcement_learning_assignment\simulation\main_sim.py:main_sim.py:_runExperiment_NStep [155]	INFO : Episode: 2200	


	2024-06-20 03:21:17 - __main__ || K:\Master SS2024\Reinforcement Learning\Praktikum\reinforcement_learning_assignment\simulation\main_sim.py:main_sim.py:_runExperiment_NStep [155]	INFO : Episode: 2300	


	2024-06-20 03:27:27 - __main__ || K:\Master SS2024\Reinforcement Learning\Praktikum\reinforcement_learning_assignment\simulation\main_sim.py:main_sim.py:_runExperiment_NStep [155]	INFO : Episode: 2400	


	2024-06-20 03:33:22 - __main__ || K:\Master SS2024\Reinforcement Learning\Praktikum\reinforcement_learning_assignment\simulation\main_sim.py:main_sim.py:_runExperiment_NStep [155]	INFO : Episode: 2500	


	2024-06-20 03:39:23 - __main__ || K:\Master SS2024\Reinforcement Learning\Praktikum\reinforcement_learning_assignment\simulation\main_sim.py:main_sim.py:_runExperiment_NStep [155]	INFO : Episode: 2600	


	2024-06-20 03:45:25 - __main__ || K:\Master SS2024\Reinforcement Learning\Praktikum\reinforcement_learning_assignment\simulation\main_sim.py:main_sim.py:_runExperiment_NStep [155]	INFO : Episode: 2700	


	2024-06-20 03:51:23 - __main__ || K:\Master SS2024\Reinforcement Learning\Praktikum\reinforcement_learning_assignment\simulation\main_sim.py:main_sim.py:_runExperiment_NStep [155]	INFO : Episode: 2800	


	2024-06-20 03:56:39 - __main__ || K:\Master SS2024\Reinforcement Learning\Praktikum\reinforcement_learning_assignment\simulation\main_sim.py:main_sim.py:_runExperiment_NStep [155]	INFO : Episode: 2900	


	2024-06-20 04:01:31 - __main__ || K:\Master SS2024\Reinforcement Learning\Praktikum\reinforcement_learning_assignment\simulation\main_sim.py:main_sim.py:_runExperiment_NStep [155]	INFO : Episode: 3000	


	2024-06-20 04:06:47 - __main__ || K:\Master SS2024\Reinforcement Learning\Praktikum\reinforcement_learning_assignment\simulation\main_sim.py:main_sim.py:_runExperiment_NStep [155]	INFO : Episode: 3100	


	2024-06-20 04:11:46 - __main__ || K:\Master SS2024\Reinforcement Learning\Praktikum\reinforcement_learning_assignment\simulation\main_sim.py:main_sim.py:_runExperiment_NStep [155]	INFO : Episode: 3200	


	2024-06-20 04:17:22 - __main__ || K:\Master SS2024\Reinforcement Learning\Praktikum\reinforcement_learning_assignment\simulation\main_sim.py:main_sim.py:_runExperiment_NStep [155]	INFO : Episode: 3300	


	2024-06-20 04:22:35 - __main__ || K:\Master SS2024\Reinforcement Learning\Praktikum\reinforcement_learning_assignment\simulation\main_sim.py:main_sim.py:_runExperiment_NStep [155]	INFO : Episode: 3400	


	2024-06-20 04:27:42 - __main__ || K:\Master SS2024\Reinforcement Learning\Praktikum\reinforcement_learning_assignment\simulation\main_sim.py:main_sim.py:_runExperiment_NStep [155]	INFO : Episode: 3500	


	2024-06-20 04:32:53 - __main__ || K:\Master SS2024\Reinforcement Learning\Praktikum\reinforcement_learning_assignment\simulation\main_sim.py:main_sim.py:_runExperiment_NStep [155]	INFO : Episode: 3600	


	2024-06-20 04:38:07 - __main__ || K:\Master SS2024\Reinforcement Learning\Praktikum\reinforcement_learning_assignment\simulation\main_sim.py:main_sim.py:_runExperiment_NStep [155]	INFO : Episode: 3700	


	2024-06-20 04:43:11 - __main__ || K:\Master SS2024\Reinforcement Learning\Praktikum\reinforcement_learning_assignment\simulation\main_sim.py:main_sim.py:_runExperiment_NStep [155]	INFO : Episode: 3800	


	2024-06-20 04:48:02 - __main__ || K:\Master SS2024\Reinforcement Learning\Praktikum\reinforcement_learning_assignment\simulation\main_sim.py:main_sim.py:_runExperiment_NStep [155]	INFO : Episode: 3900	


	2024-06-20 04:53:27 - __main__ || K:\Master SS2024\Reinforcement Learning\Praktikum\reinforcement_learning_assignment\simulation\main_sim.py:main_sim.py:_runExperiment_NStep [155]	INFO : Episode: 4000	


	2024-06-20 04:58:24 - __main__ || K:\Master SS2024\Reinforcement Learning\Praktikum\reinforcement_learning_assignment\simulation\main_sim.py:main_sim.py:_runExperiment_NStep [155]	INFO : Episode: 4100	


	2024-06-20 05:03:24 - __main__ || K:\Master SS2024\Reinforcement Learning\Praktikum\reinforcement_learning_assignment\simulation\main_sim.py:main_sim.py:_runExperiment_NStep [155]	INFO : Episode: 4200	


	2024-06-20 05:08:46 - __main__ || K:\Master SS2024\Reinforcement Learning\Praktikum\reinforcement_learning_assignment\simulation\main_sim.py:main_sim.py:_runExperiment_NStep [155]	INFO : Episode: 4300	


	2024-06-20 05:13:54 - __main__ || K:\Master SS2024\Reinforcement Learning\Praktikum\reinforcement_learning_assignment\simulation\main_sim.py:main_sim.py:_runExperiment_NStep [155]	INFO : Episode: 4400	


	2024-06-20 05:19:06 - __main__ || K:\Master SS2024\Reinforcement Learning\Praktikum\reinforcement_learning_assignment\simulation\main_sim.py:main_sim.py:_runExperiment_NStep [155]	INFO : Episode: 4500	


	2024-06-20 05:24:21 - __main__ || K:\Master SS2024\Reinforcement Learning\Praktikum\reinforcement_learning_assignment\simulation\main_sim.py:main_sim.py:_runExperiment_NStep [155]	INFO : Episode: 4600	


	2024-06-20 05:29:34 - __main__ || K:\Master SS2024\Reinforcement Learning\Praktikum\reinforcement_learning_assignment\simulation\main_sim.py:main_sim.py:_runExperiment_NStep [155]	INFO : Episode: 4700	


	2024-06-20 05:34:33 - __main__ || K:\Master SS2024\Reinforcement Learning\Praktikum\reinforcement_learning_assignment\simulation\main_sim.py:main_sim.py:_runExperiment_NStep [155]	INFO : Episode: 4800	


	2024-06-20 05:39:24 - __main__ || K:\Master SS2024\Reinforcement Learning\Praktikum\reinforcement_learning_assignment\simulation\main_sim.py:main_sim.py:_runExperiment_NStep [155]	INFO : Episode: 4900	


	2024-06-20 08:30:07 - __main__ || K:\Master SS2024\Reinforcement Learning\Praktikum\reinforcement_learning_assignment\simulation\main_sim.py:main_sim.py:train_model [110]	INFO : Training Statistics: Avg Steps = 1042.72, Avg Reward = 4583.56, Goal Rate = 42.70%	


	2024-06-20 08:30:07 - __main__ || K:\Master SS2024\Reinforcement Learning\Praktikum\reinforcement_learning_assignment\simulation\main_sim.py:main_sim.py:<module> [671]	INFO : FINISH TRAINING OF AGENT	


	2024-06-20 08:30:07 - __main__ || K:\Master SS2024\Reinforcement Learning\Praktikum\reinforcement_learning_assignment\simulation\main_sim.py:main_sim.py:<module> [687]	INFO : LOADING TRAININGSDATA '../model_storage/zE01/2024-06-20_00-58-25/race3-474-q-table_SARSA_2024-06-20_00-58-25'	


	2024-06-20 08:30:07 - __main__ || K:\Master SS2024\Reinforcement Learning\Praktikum\reinforcement_learning_assignment\simulation\main_sim.py:main_sim.py:<module> [690]	INFO : RETRAIN AGENT WITH '../model_storage/zE01/2024-06-20_00-58-25/race3-474-q-table_SARSA_2024-06-20_00-58-25' [../model_storage/zE01/2024-06-20_00-58-25/]	


	2024-06-20 08:30:07 - __main__ || K:\Master SS2024\Reinforcement Learning\Praktikum\reinforcement_learning_assignment\simulation\main_sim.py:main_sim.py:train_model [97]	INFO : USE GIVEN Q-TABLE	


	2024-06-20 08:30:07 - __main__ || K:\Master SS2024\Reinforcement Learning\Praktikum\reinforcement_learning_assignment\simulation\main_sim.py:main_sim.py:_runExperiment_NStep [155]	INFO : Episode: 0	


	2024-06-20 08:36:15 - __main__ || K:\Master SS2024\Reinforcement Learning\Praktikum\reinforcement_learning_assignment\simulation\main_sim.py:main_sim.py:_runExperiment_NStep [155]	INFO : Episode: 100	

