
	2024-06-12 22:39:02 - __main__ || c:\Users\sande\Projekte\Project_Vampire\reinforcement_learning_assignment\simulation\main_sim.py:main_sim.py:<module> [520]	INFO : START SIMULATION	


	2024-06-12 22:39:02 - __main__ || c:\Users\sande\Projekte\Project_Vampire\reinforcement_learning_assignment\simulation\main_sim.py:main_sim.py:<module> [605]	INFO : AGENT 'Double Q-Learning' SELECTED	


	2024-06-12 22:39:02 - __main__ || c:\Users\sande\Projekte\Project_Vampire\reinforcement_learning_assignment\simulation\main_sim.py:main_sim.py:<module> [640]	INFO : TRAIN AGENT [../model_storage/2024-06-12_22-39-02/]	


	2024-06-12 22:39:02 - __main__ || c:\Users\sande\Projekte\Project_Vampire\reinforcement_learning_assignment\simulation\main_sim.py:main_sim.py:_runExperiment_NStep [151]	INFO : Episode: 0	


	2024-06-12 22:40:43 - __main__ || c:\Users\sande\Projekte\Project_Vampire\reinforcement_learning_assignment\simulation\main_sim.py:main_sim.py:train_model [106]	INFO : Training Statistics: Avg Steps = 440.18, Avg Reward = 3480.37, Goal Rate = 40.00%	


	2024-06-12 22:40:43 - __main__ || c:\Users\sande\Projekte\Project_Vampire\reinforcement_learning_assignment\simulation\main_sim.py:main_sim.py:<module> [642]	INFO : FINISH TRAINING OF AGENT	


	2024-06-12 22:40:43 - __main__ || c:\Users\sande\Projekte\Project_Vampire\reinforcement_learning_assignment\simulation\main_sim.py:main_sim.py:<module> [658]	INFO : LOADING TRAININGSDATA '../model_storage/2024-06-12_22-39-02/race3-5states-q-table_Double Q-Learning_2024-06-12_22-39-02'	


	2024-06-12 22:40:43 - __main__ || c:\Users\sande\Projekte\Project_Vampire\reinforcement_learning_assignment\simulation\main_sim.py:main_sim.py:<module> [661]	INFO : RETRAIN AGENT WITH '../model_storage/2024-06-12_22-39-02/race3-5states-q-table_Double Q-Learning_2024-06-12_22-39-02' [../model_storage/2024-06-12_22-39-02/]	


	2024-06-12 22:40:43 - __main__ || c:\Users\sande\Projekte\Project_Vampire\reinforcement_learning_assignment\simulation\main_sim.py:main_sim.py:train_model [94]	INFO : USE GIVEN Q-TABLE	


	2024-06-12 22:40:43 - __main__ || c:\Users\sande\Projekte\Project_Vampire\reinforcement_learning_assignment\simulation\main_sim.py:main_sim.py:_runExperiment_NStep [151]	INFO : Episode: 0	


	2024-06-12 22:42:28 - __main__ || c:\Users\sande\Projekte\Project_Vampire\reinforcement_learning_assignment\simulation\main_sim.py:main_sim.py:train_model [106]	INFO : Training Statistics: Avg Steps = 408.42, Avg Reward = 9416.98, Goal Rate = 87.00%	


	2024-06-12 22:42:28 - __main__ || c:\Users\sande\Projekte\Project_Vampire\reinforcement_learning_assignment\simulation\main_sim.py:main_sim.py:<module> [663]	INFO : FINISH RETRAINING OF AGENT	


	2024-06-12 22:42:28 - __main__ || c:\Users\sande\Projekte\Project_Vampire\reinforcement_learning_assignment\simulation\main_sim.py:main_sim.py:<module> [668]	INFO : TEST AGENT [../model_storage/2024-06-12_22-39-02/]	


	2024-06-12 22:43:33 - __main__ || c:\Users\sande\Projekte\Project_Vampire\reinforcement_learning_assignment\simulation\main_sim.py:main_sim.py:test_model [118]	INFO : Test Statistics: Avg Steps = 393.40, Avg Reward = 8632.38, Goal Rate = 80.00%	


	2024-06-12 22:43:33 - __main__ || c:\Users\sande\Projekte\Project_Vampire\reinforcement_learning_assignment\simulation\main_sim.py:main_sim.py:<module> [670]	INFO : FINISH TESTING OF AGENT	


	2024-06-12 22:43:33 - __main__ || c:\Users\sande\Projekte\Project_Vampire\reinforcement_learning_assignment\simulation\main_sim.py:main_sim.py:<module> [679]	INFO : LOADING POLICY '../model_storage/2024-06-12_22-39-02/race3-5states-policy_Double Q-Learning_2024-06-12_22-39-02.json'	


	2024-06-12 22:43:33 - __main__ || c:\Users\sande\Projekte\Project_Vampire\reinforcement_learning_assignment\simulation\main_sim.py:main_sim.py:<module> [681]	INFO : RUN AGENT WITH '../model_storage/2024-06-12_22-39-02/race3-5states-policy_Double Q-Learning_2024-06-12_22-39-02.json' [../model_storage/2024-06-12_22-39-02/]	


	2024-06-12 22:43:35 - __main__ || c:\Users\sande\Projekte\Project_Vampire\reinforcement_learning_assignment\simulation\main_sim.py:main_sim.py:run_model [68]	INFO : Run Statistics: Steps = 908, Reward = -2122.52	


	2024-06-12 22:43:35 - __main__ || c:\Users\sande\Projekte\Project_Vampire\reinforcement_learning_assignment\simulation\main_sim.py:main_sim.py:<module> [683]	INFO : FINISH RUNNING OF AGENT	


	2024-06-12 22:43:35 - __main__ || c:\Users\sande\Projekte\Project_Vampire\reinforcement_learning_assignment\simulation\main_sim.py:main_sim.py:<module> [687]	INFO : EXIT SIMULATION	

