
	2024-06-20 00:58:43 - __main__ || K:\Master SS2024\Reinforcement Learning\Praktikum\reinforcement_learning_assignment\simulation\main_sim.py:main_sim.py:<module> [550]	INFO : START SIMULATION	


	2024-06-20 00:58:43 - __main__ || K:\Master SS2024\Reinforcement Learning\Praktikum\reinforcement_learning_assignment\simulation\main_sim.py:main_sim.py:<module> [636]	INFO : AGENT 'Double Q-Learning' SELECTED	


	2024-06-20 00:58:43 - __main__ || K:\Master SS2024\Reinforcement Learning\Praktikum\reinforcement_learning_assignment\simulation\main_sim.py:main_sim.py:<module> [669]	INFO : TRAIN AGENT [../model_storage/zE01/2024-06-20_00-58-43/]	


	2024-06-20 00:58:43 - __main__ || K:\Master SS2024\Reinforcement Learning\Praktikum\reinforcement_learning_assignment\simulation\main_sim.py:main_sim.py:_runExperiment_NStep [155]	INFO : Episode: 0	


	2024-06-20 01:02:21 - __main__ || K:\Master SS2024\Reinforcement Learning\Praktikum\reinforcement_learning_assignment\simulation\main_sim.py:main_sim.py:_runExperiment_NStep [155]	INFO : Episode: 100	


	2024-06-20 01:06:15 - __main__ || K:\Master SS2024\Reinforcement Learning\Praktikum\reinforcement_learning_assignment\simulation\main_sim.py:main_sim.py:_runExperiment_NStep [155]	INFO : Episode: 200	


	2024-06-20 01:09:56 - __main__ || K:\Master SS2024\Reinforcement Learning\Praktikum\reinforcement_learning_assignment\simulation\main_sim.py:main_sim.py:_runExperiment_NStep [155]	INFO : Episode: 300	


	2024-06-20 01:13:33 - __main__ || K:\Master SS2024\Reinforcement Learning\Praktikum\reinforcement_learning_assignment\simulation\main_sim.py:main_sim.py:_runExperiment_NStep [155]	INFO : Episode: 400	


	2024-06-20 01:16:46 - __main__ || K:\Master SS2024\Reinforcement Learning\Praktikum\reinforcement_learning_assignment\simulation\main_sim.py:main_sim.py:_runExperiment_NStep [155]	INFO : Episode: 500	


	2024-06-20 01:19:54 - __main__ || K:\Master SS2024\Reinforcement Learning\Praktikum\reinforcement_learning_assignment\simulation\main_sim.py:main_sim.py:_runExperiment_NStep [155]	INFO : Episode: 600	


	2024-06-20 01:23:22 - __main__ || K:\Master SS2024\Reinforcement Learning\Praktikum\reinforcement_learning_assignment\simulation\main_sim.py:main_sim.py:_runExperiment_NStep [155]	INFO : Episode: 700	


	2024-06-20 01:26:29 - __main__ || K:\Master SS2024\Reinforcement Learning\Praktikum\reinforcement_learning_assignment\simulation\main_sim.py:main_sim.py:_runExperiment_NStep [155]	INFO : Episode: 800	


	2024-06-20 01:30:13 - __main__ || K:\Master SS2024\Reinforcement Learning\Praktikum\reinforcement_learning_assignment\simulation\main_sim.py:main_sim.py:_runExperiment_NStep [155]	INFO : Episode: 900	


	2024-06-20 01:33:48 - __main__ || K:\Master SS2024\Reinforcement Learning\Praktikum\reinforcement_learning_assignment\simulation\main_sim.py:main_sim.py:_runExperiment_NStep [155]	INFO : Episode: 1000	


	2024-06-20 01:38:23 - __main__ || K:\Master SS2024\Reinforcement Learning\Praktikum\reinforcement_learning_assignment\simulation\main_sim.py:main_sim.py:_runExperiment_NStep [155]	INFO : Episode: 1100	


	2024-06-20 01:42:43 - __main__ || K:\Master SS2024\Reinforcement Learning\Praktikum\reinforcement_learning_assignment\simulation\main_sim.py:main_sim.py:_runExperiment_NStep [155]	INFO : Episode: 1200	


	2024-06-20 01:47:00 - __main__ || K:\Master SS2024\Reinforcement Learning\Praktikum\reinforcement_learning_assignment\simulation\main_sim.py:main_sim.py:_runExperiment_NStep [155]	INFO : Episode: 1300	


	2024-06-20 01:50:32 - __main__ || K:\Master SS2024\Reinforcement Learning\Praktikum\reinforcement_learning_assignment\simulation\main_sim.py:main_sim.py:_runExperiment_NStep [155]	INFO : Episode: 1400	


	2024-06-20 01:54:01 - __main__ || K:\Master SS2024\Reinforcement Learning\Praktikum\reinforcement_learning_assignment\simulation\main_sim.py:main_sim.py:_runExperiment_NStep [155]	INFO : Episode: 1500	


	2024-06-20 01:58:31 - __main__ || K:\Master SS2024\Reinforcement Learning\Praktikum\reinforcement_learning_assignment\simulation\main_sim.py:main_sim.py:_runExperiment_NStep [155]	INFO : Episode: 1600	


	2024-06-20 02:02:56 - __main__ || K:\Master SS2024\Reinforcement Learning\Praktikum\reinforcement_learning_assignment\simulation\main_sim.py:main_sim.py:_runExperiment_NStep [155]	INFO : Episode: 1700	


	2024-06-20 02:06:40 - __main__ || K:\Master SS2024\Reinforcement Learning\Praktikum\reinforcement_learning_assignment\simulation\main_sim.py:main_sim.py:_runExperiment_NStep [155]	INFO : Episode: 1800	


	2024-06-20 02:09:55 - __main__ || K:\Master SS2024\Reinforcement Learning\Praktikum\reinforcement_learning_assignment\simulation\main_sim.py:main_sim.py:_runExperiment_NStep [155]	INFO : Episode: 1900	


	2024-06-20 02:13:19 - __main__ || K:\Master SS2024\Reinforcement Learning\Praktikum\reinforcement_learning_assignment\simulation\main_sim.py:main_sim.py:_runExperiment_NStep [155]	INFO : Episode: 2000	


	2024-06-20 02:16:19 - __main__ || K:\Master SS2024\Reinforcement Learning\Praktikum\reinforcement_learning_assignment\simulation\main_sim.py:main_sim.py:_runExperiment_NStep [155]	INFO : Episode: 2100	


	2024-06-20 02:20:56 - __main__ || K:\Master SS2024\Reinforcement Learning\Praktikum\reinforcement_learning_assignment\simulation\main_sim.py:main_sim.py:_runExperiment_NStep [155]	INFO : Episode: 2200	


	2024-06-20 02:25:07 - __main__ || K:\Master SS2024\Reinforcement Learning\Praktikum\reinforcement_learning_assignment\simulation\main_sim.py:main_sim.py:_runExperiment_NStep [155]	INFO : Episode: 2300	


	2024-06-20 02:28:50 - __main__ || K:\Master SS2024\Reinforcement Learning\Praktikum\reinforcement_learning_assignment\simulation\main_sim.py:main_sim.py:_runExperiment_NStep [155]	INFO : Episode: 2400	


	2024-06-20 02:31:55 - __main__ || K:\Master SS2024\Reinforcement Learning\Praktikum\reinforcement_learning_assignment\simulation\main_sim.py:main_sim.py:_runExperiment_NStep [155]	INFO : Episode: 2500	


	2024-06-20 02:35:52 - __main__ || K:\Master SS2024\Reinforcement Learning\Praktikum\reinforcement_learning_assignment\simulation\main_sim.py:main_sim.py:_runExperiment_NStep [155]	INFO : Episode: 2600	


	2024-06-20 02:39:38 - __main__ || K:\Master SS2024\Reinforcement Learning\Praktikum\reinforcement_learning_assignment\simulation\main_sim.py:main_sim.py:_runExperiment_NStep [155]	INFO : Episode: 2700	


	2024-06-20 02:43:07 - __main__ || K:\Master SS2024\Reinforcement Learning\Praktikum\reinforcement_learning_assignment\simulation\main_sim.py:main_sim.py:_runExperiment_NStep [155]	INFO : Episode: 2800	


	2024-06-20 02:46:37 - __main__ || K:\Master SS2024\Reinforcement Learning\Praktikum\reinforcement_learning_assignment\simulation\main_sim.py:main_sim.py:_runExperiment_NStep [155]	INFO : Episode: 2900	


	2024-06-20 02:50:18 - __main__ || K:\Master SS2024\Reinforcement Learning\Praktikum\reinforcement_learning_assignment\simulation\main_sim.py:main_sim.py:_runExperiment_NStep [155]	INFO : Episode: 3000	


	2024-06-20 02:53:55 - __main__ || K:\Master SS2024\Reinforcement Learning\Praktikum\reinforcement_learning_assignment\simulation\main_sim.py:main_sim.py:_runExperiment_NStep [155]	INFO : Episode: 3100	


	2024-06-20 02:57:03 - __main__ || K:\Master SS2024\Reinforcement Learning\Praktikum\reinforcement_learning_assignment\simulation\main_sim.py:main_sim.py:_runExperiment_NStep [155]	INFO : Episode: 3200	


	2024-06-20 02:59:55 - __main__ || K:\Master SS2024\Reinforcement Learning\Praktikum\reinforcement_learning_assignment\simulation\main_sim.py:main_sim.py:_runExperiment_NStep [155]	INFO : Episode: 3300	


	2024-06-20 03:03:28 - __main__ || K:\Master SS2024\Reinforcement Learning\Praktikum\reinforcement_learning_assignment\simulation\main_sim.py:main_sim.py:_runExperiment_NStep [155]	INFO : Episode: 3400	


	2024-06-20 03:07:22 - __main__ || K:\Master SS2024\Reinforcement Learning\Praktikum\reinforcement_learning_assignment\simulation\main_sim.py:main_sim.py:_runExperiment_NStep [155]	INFO : Episode: 3500	


	2024-06-20 03:10:53 - __main__ || K:\Master SS2024\Reinforcement Learning\Praktikum\reinforcement_learning_assignment\simulation\main_sim.py:main_sim.py:_runExperiment_NStep [155]	INFO : Episode: 3600	


	2024-06-20 03:13:19 - __main__ || K:\Master SS2024\Reinforcement Learning\Praktikum\reinforcement_learning_assignment\simulation\main_sim.py:main_sim.py:_runExperiment_NStep [155]	INFO : Episode: 3700	


	2024-06-20 03:16:39 - __main__ || K:\Master SS2024\Reinforcement Learning\Praktikum\reinforcement_learning_assignment\simulation\main_sim.py:main_sim.py:_runExperiment_NStep [155]	INFO : Episode: 3800	


	2024-06-20 03:19:46 - __main__ || K:\Master SS2024\Reinforcement Learning\Praktikum\reinforcement_learning_assignment\simulation\main_sim.py:main_sim.py:_runExperiment_NStep [155]	INFO : Episode: 3900	


	2024-06-20 03:22:24 - __main__ || K:\Master SS2024\Reinforcement Learning\Praktikum\reinforcement_learning_assignment\simulation\main_sim.py:main_sim.py:_runExperiment_NStep [155]	INFO : Episode: 4000	


	2024-06-20 03:24:45 - __main__ || K:\Master SS2024\Reinforcement Learning\Praktikum\reinforcement_learning_assignment\simulation\main_sim.py:main_sim.py:_runExperiment_NStep [155]	INFO : Episode: 4100	


	2024-06-20 03:28:05 - __main__ || K:\Master SS2024\Reinforcement Learning\Praktikum\reinforcement_learning_assignment\simulation\main_sim.py:main_sim.py:_runExperiment_NStep [155]	INFO : Episode: 4200	


	2024-06-20 03:31:20 - __main__ || K:\Master SS2024\Reinforcement Learning\Praktikum\reinforcement_learning_assignment\simulation\main_sim.py:main_sim.py:_runExperiment_NStep [155]	INFO : Episode: 4300	


	2024-06-20 03:33:46 - __main__ || K:\Master SS2024\Reinforcement Learning\Praktikum\reinforcement_learning_assignment\simulation\main_sim.py:main_sim.py:_runExperiment_NStep [155]	INFO : Episode: 4400	


	2024-06-20 03:36:42 - __main__ || K:\Master SS2024\Reinforcement Learning\Praktikum\reinforcement_learning_assignment\simulation\main_sim.py:main_sim.py:_runExperiment_NStep [155]	INFO : Episode: 4500	


	2024-06-20 03:40:34 - __main__ || K:\Master SS2024\Reinforcement Learning\Praktikum\reinforcement_learning_assignment\simulation\main_sim.py:main_sim.py:_runExperiment_NStep [155]	INFO : Episode: 4600	


	2024-06-20 03:44:36 - __main__ || K:\Master SS2024\Reinforcement Learning\Praktikum\reinforcement_learning_assignment\simulation\main_sim.py:main_sim.py:_runExperiment_NStep [155]	INFO : Episode: 4700	


	2024-06-20 03:48:15 - __main__ || K:\Master SS2024\Reinforcement Learning\Praktikum\reinforcement_learning_assignment\simulation\main_sim.py:main_sim.py:_runExperiment_NStep [155]	INFO : Episode: 4800	


	2024-06-20 03:52:10 - __main__ || K:\Master SS2024\Reinforcement Learning\Praktikum\reinforcement_learning_assignment\simulation\main_sim.py:main_sim.py:_runExperiment_NStep [155]	INFO : Episode: 4900	


	2024-06-20 08:31:10 - __main__ || K:\Master SS2024\Reinforcement Learning\Praktikum\reinforcement_learning_assignment\simulation\main_sim.py:main_sim.py:train_model [110]	INFO : Training Statistics: Avg Steps = 604.29, Avg Reward = -280.63, Goal Rate = 4.76%	


	2024-06-20 08:31:10 - __main__ || K:\Master SS2024\Reinforcement Learning\Praktikum\reinforcement_learning_assignment\simulation\main_sim.py:main_sim.py:<module> [671]	INFO : FINISH TRAINING OF AGENT	


	2024-06-20 08:31:10 - __main__ || K:\Master SS2024\Reinforcement Learning\Praktikum\reinforcement_learning_assignment\simulation\main_sim.py:main_sim.py:<module> [687]	INFO : LOADING TRAININGSDATA '../model_storage/zE01/2024-06-20_00-58-43/race3-575-q-table_Double Q-Learning_2024-06-20_00-58-43'	


	2024-06-20 08:31:10 - __main__ || K:\Master SS2024\Reinforcement Learning\Praktikum\reinforcement_learning_assignment\simulation\main_sim.py:main_sim.py:<module> [690]	INFO : RETRAIN AGENT WITH '../model_storage/zE01/2024-06-20_00-58-43/race3-575-q-table_Double Q-Learning_2024-06-20_00-58-43' [../model_storage/zE01/2024-06-20_00-58-43/]	


	2024-06-20 08:31:10 - __main__ || K:\Master SS2024\Reinforcement Learning\Praktikum\reinforcement_learning_assignment\simulation\main_sim.py:main_sim.py:train_model [97]	INFO : USE GIVEN Q-TABLE	


	2024-06-20 08:31:10 - __main__ || K:\Master SS2024\Reinforcement Learning\Praktikum\reinforcement_learning_assignment\simulation\main_sim.py:main_sim.py:_runExperiment_NStep [155]	INFO : Episode: 0	


	2024-06-20 08:34:51 - __main__ || K:\Master SS2024\Reinforcement Learning\Praktikum\reinforcement_learning_assignment\simulation\main_sim.py:main_sim.py:_runExperiment_NStep [155]	INFO : Episode: 100	

